{"log":
 [{"message":
   ".> LEAN_PATH=/Users/jonathanwashburn/Desktop/Last Hope/RiemannHypothesis_Release_v1.0/.lake/packages/Cli/.lake/build/lib/lean:/Users/jonathanwashburn/Desktop/Last Hope/RiemannHypothesis_Release_v1.0/.lake/packages/batteries/.lake/build/lib/lean:/Users/jonathanwashburn/Desktop/Last Hope/RiemannHypothesis_Release_v1.0/.lake/packages/Qq/.lake/build/lib/lean:/Users/jonathanwashburn/Desktop/Last Hope/RiemannHypothesis_Release_v1.0/.lake/packages/aesop/.lake/build/lib/lean:/Users/jonathanwashburn/Desktop/Last Hope/RiemannHypothesis_Release_v1.0/.lake/packages/proofwidgets/.lake/build/lib/lean:/Users/jonathanwashburn/Desktop/Last Hope/RiemannHypothesis_Release_v1.0/.lake/packages/importGraph/.lake/build/lib/lean:/Users/jonathanwashburn/Desktop/Last Hope/RiemannHypothesis_Release_v1.0/.lake/packages/LeanSearchClient/.lake/build/lib/lean:/Users/jonathanwashburn/Desktop/Last Hope/RiemannHypothesis_Release_v1.0/.lake/packages/plausible/.lake/build/lib/lean:/Users/jonathanwashburn/Desktop/Last Hope/RiemannHypothesis_Release_v1.0/.lake/packages/mathlib/.lake/build/lib/lean:/Users/jonathanwashburn/Desktop/Last Hope/RiemannHypothesis_Release_v1.0/.lake/build/lib/lean /Users/jonathanwashburn/.elan/toolchains/leanprover--lean4---v4.21.0-rc3/bin/lean /Users/jonathanwashburn/Desktop/Last Hope/RiemannHypothesis_Release_v1.0/src/RiemannHypothesis/Infrastructure/ArithmeticHamiltonian.lean -R /Users/jonathanwashburn/Desktop/Last Hope/RiemannHypothesis_Release_v1.0/src -o /Users/jonathanwashburn/Desktop/Last Hope/RiemannHypothesis_Release_v1.0/.lake/build/lib/lean/RiemannHypothesis/Infrastructure/ArithmeticHamiltonian.olean -i /Users/jonathanwashburn/Desktop/Last Hope/RiemannHypothesis_Release_v1.0/.lake/build/lib/lean/RiemannHypothesis/Infrastructure/ArithmeticHamiltonian.ilean -c /Users/jonathanwashburn/Desktop/Last Hope/RiemannHypothesis_Release_v1.0/.lake/build/ir/RiemannHypothesis/Infrastructure/ArithmeticHamiltonian.c --json",
   "level": "trace"}],
 "inputs":
 [["RiemannHypothesis.Infrastructure.ArithmeticHamiltonian:deps",
   [["deps",
     [["RiemannHypothesis/RiemannHypothesis:extraDep",
       [["@RiemannHypothesis:extraDep", "1723"]]],
      ["import oleans",
       [["Mathlib:olean",
         [["Mathlib:deps", "2507669850297575560"],
          ["/Users/jonathanwashburn/Desktop/Last Hope/RiemannHypothesis_Release_v1.0/.lake/packages/mathlib/.lake/build/lib/lean/Mathlib.olean",
           "1542565835678312352"]]]]]]],
    ["libs",
     [["import dynlibs", "1723"],
      ["package external libraries", "1723"],
      ["module dynlibs", "1723"],
      ["module plugins", "1723"]]]]],
  ["Lean 4.21.0, commit 6741444a63eec253a7eae7a83f1beb3de015023d",
   "11123825329739276520"],
  ["Module.leanArgs: #[]", "1723"],
  ["/Users/jonathanwashburn/Desktop/Last Hope/RiemannHypothesis_Release_v1.0/src/RiemannHypothesis/Infrastructure/ArithmeticHamiltonian.lean",
   "12252327083857304541"]],
 "depHash": "12243446754283497691"}