{"log":
 [{"message":
   ".> LEAN_PATH=/Users/jonathanwashburn/Desktop/Proof validation/repo-riemann/repo-proof/RiemannHypothesis_Release_v1.0/.lake/packages/Cli/.lake/build/lib/lean:/Users/jonathanwashburn/Desktop/Proof validation/repo-riemann/repo-proof/RiemannHypothesis_Release_v1.0/.lake/packages/batteries/.lake/build/lib/lean:/Users/jonathanwashburn/Desktop/Proof validation/repo-riemann/repo-proof/RiemannHypothesis_Release_v1.0/.lake/packages/Qq/.lake/build/lib/lean:/Users/jonathanwashburn/Desktop/Proof validation/repo-riemann/repo-proof/RiemannHypothesis_Release_v1.0/.lake/packages/aesop/.lake/build/lib/lean:/Users/jonathanwashburn/Desktop/Proof validation/repo-riemann/repo-proof/RiemannHypothesis_Release_v1.0/.lake/packages/proofwidgets/.lake/build/lib/lean:/Users/jonathanwashburn/Desktop/Proof validation/repo-riemann/repo-proof/RiemannHypothesis_Release_v1.0/.lake/packages/importGraph/.lake/build/lib/lean:/Users/jonathanwashburn/Desktop/Proof validation/repo-riemann/repo-proof/RiemannHypothesis_Release_v1.0/.lake/packages/LeanSearchClient/.lake/build/lib/lean:/Users/jonathanwashburn/Desktop/Proof validation/repo-riemann/repo-proof/RiemannHypothesis_Release_v1.0/.lake/packages/plausible/.lake/build/lib/lean:/Users/jonathanwashburn/Desktop/Proof validation/repo-riemann/repo-proof/RiemannHypothesis_Release_v1.0/.lake/packages/mathlib/.lake/build/lib/lean:/Users/jonathanwashburn/Desktop/Proof validation/repo-riemann/repo-proof/RiemannHypothesis_Release_v1.0/.lake/build/lib/lean /Users/jonathanwashburn/.elan/toolchains/leanprover--lean4---v4.21.0-rc3/bin/lean /Users/jonathanwashburn/Desktop/Proof validation/repo-riemann/repo-proof/RiemannHypothesis_Release_v1.0/src/RiemannHypothesis/Infrastructure/MissingLemmas.lean -R /Users/jonathanwashburn/Desktop/Proof validation/repo-riemann/repo-proof/RiemannHypothesis_Release_v1.0/src -o /Users/jonathanwashburn/Desktop/Proof validation/repo-riemann/repo-proof/RiemannHypothesis_Release_v1.0/.lake/build/lib/lean/RiemannHypothesis/Infrastructure/MissingLemmas.olean -i /Users/jonathanwashburn/Desktop/Proof validation/repo-riemann/repo-proof/RiemannHypothesis_Release_v1.0/.lake/build/lib/lean/RiemannHypothesis/Infrastructure/MissingLemmas.ilean -c /Users/jonathanwashburn/Desktop/Proof validation/repo-riemann/repo-proof/RiemannHypothesis_Release_v1.0/.lake/build/ir/RiemannHypothesis/Infrastructure/MissingLemmas.c --json",
   "level": "trace"},
  {"message":
   "src/RiemannHypothesis/Infrastructure/MissingLemmas.lean:15:3: unused variable `T`\nnote: this linter can be disabled with `set_option linter.unusedVariables false`",
   "level": "warning"}],
 "inputs":
 [["RiemannHypothesis.Infrastructure.MissingLemmas:deps",
   [["deps",
     [["RiemannHypothesis/RiemannHypothesis:extraDep",
       [["@RiemannHypothesis:extraDep", "1723"]]],
      ["import oleans",
       [["Mathlib:olean",
         [["Mathlib:deps", "2507669850297575560"],
          ["/Users/jonathanwashburn/Desktop/Proof validation/repo-riemann/repo-proof/RiemannHypothesis_Release_v1.0/.lake/packages/mathlib/.lake/build/lib/lean/Mathlib.olean",
           "1542565835678312352"]]],
        ["RiemannHypothesis.Infrastructure.WeightedHilbertSpace:olean",
         [["RiemannHypothesis.Infrastructure.WeightedHilbertSpace:deps",
           "10002376487203339871"],
          ["/Users/jonathanwashburn/Desktop/Proof validation/repo-riemann/repo-proof/RiemannHypothesis_Release_v1.0/.lake/build/lib/lean/RiemannHypothesis/Infrastructure/WeightedHilbertSpace.olean",
           "6519718939895425542"]]],
        ["RiemannHypothesis.Infrastructure.ArithmeticHamiltonian:olean",
         [["RiemannHypothesis.Infrastructure.ArithmeticHamiltonian:deps",
           "11389854782928979578"],
          ["/Users/jonathanwashburn/Desktop/Proof validation/repo-riemann/repo-proof/RiemannHypothesis_Release_v1.0/.lake/build/lib/lean/RiemannHypothesis/Infrastructure/ArithmeticHamiltonian.olean",
           "10368516630014574630"]]]]]]],
    ["libs",
     [["import dynlibs", "1723"],
      ["package external libraries", "1723"],
      ["module dynlibs", "1723"],
      ["module plugins", "1723"]]]]],
  ["Lean 4.21.0, commit 6741444a63eec253a7eae7a83f1beb3de015023d",
   "11123825329739276520"],
  ["Module.leanArgs: #[]", "1723"],
  ["/Users/jonathanwashburn/Desktop/Proof validation/repo-riemann/repo-proof/RiemannHypothesis_Release_v1.0/src/RiemannHypothesis/Infrastructure/MissingLemmas.lean",
   "8078405803259012892"]],
 "depHash": "16832259287438885822"}