{"log":
 [{"message":
   ".> LEAN_PATH=/Users/jonathanwashburn/Desktop/Proof validation/repo-riemann/repo-proof/RiemannHypothesis_Release_v1.0/.lake/packages/Cli/.lake/build/lib/lean:/Users/jonathanwashburn/Desktop/Proof validation/repo-riemann/repo-proof/RiemannHypothesis_Release_v1.0/.lake/packages/batteries/.lake/build/lib/lean:/Users/jonathanwashburn/Desktop/Proof validation/repo-riemann/repo-proof/RiemannHypothesis_Release_v1.0/.lake/packages/Qq/.lake/build/lib/lean:/Users/jonathanwashburn/Desktop/Proof validation/repo-riemann/repo-proof/RiemannHypothesis_Release_v1.0/.lake/packages/aesop/.lake/build/lib/lean:/Users/jonathanwashburn/Desktop/Proof validation/repo-riemann/repo-proof/RiemannHypothesis_Release_v1.0/.lake/packages/proofwidgets/.lake/build/lib/lean:/Users/jonathanwashburn/Desktop/Proof validation/repo-riemann/repo-proof/RiemannHypothesis_Release_v1.0/.lake/packages/importGraph/.lake/build/lib/lean:/Users/jonathanwashburn/Desktop/Proof validation/repo-riemann/repo-proof/RiemannHypothesis_Release_v1.0/.lake/packages/LeanSearchClient/.lake/build/lib/lean:/Users/jonathanwashburn/Desktop/Proof validation/repo-riemann/repo-proof/RiemannHypothesis_Release_v1.0/.lake/packages/plausible/.lake/build/lib/lean:/Users/jonathanwashburn/Desktop/Proof validation/repo-riemann/repo-proof/RiemannHypothesis_Release_v1.0/.lake/packages/mathlib/.lake/build/lib/lean:/Users/jonathanwashburn/Desktop/Proof validation/repo-riemann/repo-proof/RiemannHypothesis_Release_v1.0/.lake/build/lib/lean /Users/jonathanwashburn/.elan/toolchains/leanprover--lean4---v4.21.0-rc3/bin/lean /Users/jonathanwashburn/Desktop/Proof validation/repo-riemann/repo-proof/RiemannHypothesis_Release_v1.0/src/RiemannHypothesis/Infrastructure/WeightedHilbertSpace.lean -R /Users/jonathanwashburn/Desktop/Proof validation/repo-riemann/repo-proof/RiemannHypothesis_Release_v1.0/src -o /Users/jonathanwashburn/Desktop/Proof validation/repo-riemann/repo-proof/RiemannHypothesis_Release_v1.0/.lake/build/lib/lean/RiemannHypothesis/Infrastructure/WeightedHilbertSpace.olean -i /Users/jonathanwashburn/Desktop/Proof validation/repo-riemann/repo-proof/RiemannHypothesis_Release_v1.0/.lake/build/lib/lean/RiemannHypothesis/Infrastructure/WeightedHilbertSpace.ilean -c /Users/jonathanwashburn/Desktop/Proof validation/repo-riemann/repo-proof/RiemannHypothesis_Release_v1.0/.lake/build/ir/RiemannHypothesis/Infrastructure/WeightedHilbertSpace.c --json",
   "level": "trace"},
  {"message":
   "src/RiemannHypothesis/Infrastructure/WeightedHilbertSpace.lean:74:6: declaration uses 'sorry'",
   "level": "warning"}],
 "inputs":
 [["RiemannHypothesis.Infrastructure.WeightedHilbertSpace:deps",
   [["deps",
     [["RiemannHypothesis/RiemannHypothesis:extraDep",
       [["@RiemannHypothesis:extraDep", "1723"]]],
      ["import oleans",
       [["Mathlib.Analysis.InnerProductSpace.Basic:olean",
         [["Mathlib.Analysis.InnerProductSpace.Basic:deps",
           "16130144232440284399"],
          ["/Users/jonathanwashburn/Desktop/Proof validation/repo-riemann/repo-proof/RiemannHypothesis_Release_v1.0/.lake/packages/mathlib/.lake/build/lib/lean/Mathlib/Analysis/InnerProductSpace/Basic.olean",
           "7691097842340251708"]]],
        ["Mathlib.Analysis.InnerProductSpace.l2Space:olean",
         [["Mathlib.Analysis.InnerProductSpace.l2Space:deps",
           "1700098419413751133"],
          ["/Users/jonathanwashburn/Desktop/Proof validation/repo-riemann/repo-proof/RiemannHypothesis_Release_v1.0/.lake/packages/mathlib/.lake/build/lib/lean/Mathlib/Analysis/InnerProductSpace/l2Space.olean",
           "6060609455497712207"]]],
        ["Mathlib.NumberTheory.ArithmeticFunction:olean",
         [["Mathlib.NumberTheory.ArithmeticFunction:deps",
           "8661730528407497426"],
          ["/Users/jonathanwashburn/Desktop/Proof validation/repo-riemann/repo-proof/RiemannHypothesis_Release_v1.0/.lake/packages/mathlib/.lake/build/lib/lean/Mathlib/NumberTheory/ArithmeticFunction.olean",
           "9587157177718581616"]]],
        ["Mathlib.Data.Nat.Prime.Defs:olean",
         [["Mathlib.Data.Nat.Prime.Defs:deps", "15669513842621111772"],
          ["/Users/jonathanwashburn/Desktop/Proof validation/repo-riemann/repo-proof/RiemannHypothesis_Release_v1.0/.lake/packages/mathlib/.lake/build/lib/lean/Mathlib/Data/Nat/Prime/Defs.olean",
           "8680405440992159556"]]],
        ["Mathlib.Data.ENNReal.Lemmas:olean",
         [["Mathlib.Data.ENNReal.Lemmas:deps", "5942695325438483934"],
          ["/Users/jonathanwashburn/Desktop/Proof validation/repo-riemann/repo-proof/RiemannHypothesis_Release_v1.0/.lake/packages/mathlib/.lake/build/lib/lean/Mathlib/Data/ENNReal/Lemmas.olean",
           "17707472673843650049"]]],
        ["Mathlib.Data.Real.Basic:olean",
         [["Mathlib.Data.Real.Basic:deps", "4970025965176595144"],
          ["/Users/jonathanwashburn/Desktop/Proof validation/repo-riemann/repo-proof/RiemannHypothesis_Release_v1.0/.lake/packages/mathlib/.lake/build/lib/lean/Mathlib/Data/Real/Basic.olean",
           "839551402219580675"]]],
        ["Mathlib.Data.Complex.Basic:olean",
         [["Mathlib.Data.Complex.Basic:deps", "3691359214316405106"],
          ["/Users/jonathanwashburn/Desktop/Proof validation/repo-riemann/repo-proof/RiemannHypothesis_Release_v1.0/.lake/packages/mathlib/.lake/build/lib/lean/Mathlib/Data/Complex/Basic.olean",
           "10142504757222325353"]]]]]]],
    ["libs",
     [["import dynlibs", "1723"],
      ["package external libraries", "1723"],
      ["module dynlibs", "1723"],
      ["module plugins", "1723"]]]]],
  ["Lean 4.21.0, commit 6741444a63eec253a7eae7a83f1beb3de015023d",
   "11123825329739276520"],
  ["Module.leanArgs: #[]", "1723"],
  ["/Users/jonathanwashburn/Desktop/Proof validation/repo-riemann/repo-proof/RiemannHypothesis_Release_v1.0/src/RiemannHypothesis/Infrastructure/WeightedHilbertSpace.lean",
   "2237023300569521051"]],
 "depHash": "7907914634779670376"}